{"C:\\Silvia\\reto-matrices\\api-node\\src\\services\\matrixStats.js": {"path":"C:\\Silvia\\reto-matrices\\api-node\\src\\services\\matrixStats.js","statementMap":{"0":{"start":{"line":7,"column":2},"end":{"line":7,"column":58}},"1":{"start":{"line":7,"column":37},"end":{"line":7,"column":52}},"2":{"start":{"line":18,"column":15},"end":{"line":18,"column":28}},"3":{"start":{"line":19,"column":2},"end":{"line":19,"column":31}},"4":{"start":{"line":19,"column":18},"end":{"line":19,"column":31}},"5":{"start":{"line":21,"column":15},"end":{"line":21,"column":31}},"6":{"start":{"line":22,"column":2},"end":{"line":22,"column":34}},"7":{"start":{"line":22,"column":21},"end":{"line":22,"column":34}},"8":{"start":{"line":24,"column":18},"end":{"line":24,"column":23}},"9":{"start":{"line":26,"column":2},"end":{"line":32,"column":3}},"10":{"start":{"line":26,"column":15},"end":{"line":26,"column":16}},"11":{"start":{"line":27,"column":4},"end":{"line":31,"column":5}},"12":{"start":{"line":27,"column":17},"end":{"line":27,"column":18}},"13":{"start":{"line":28,"column":6},"end":{"line":30,"column":7}},"14":{"start":{"line":29,"column":8},"end":{"line":29,"column":21}},"15":{"start":{"line":34,"column":2},"end":{"line":34,"column":14}},"16":{"start":{"line":50,"column":20},"end":{"line":50,"column":50}},"17":{"start":{"line":52,"column":14},"end":{"line":52,"column":54}},"18":{"start":{"line":52,"column":43},"end":{"line":52,"column":50}},"19":{"start":{"line":55,"column":14},"end":{"line":55,"column":68}},"20":{"start":{"line":55,"column":42},"end":{"line":55,"column":55}},"21":{"start":{"line":56,"column":14},"end":{"line":56,"column":67}},"22":{"start":{"line":56,"column":42},"end":{"line":56,"column":55}},"23":{"start":{"line":57,"column":18},"end":{"line":57,"column":40}},"24":{"start":{"line":59,"column":2},"end":{"line":68,"column":4}},"25":{"start":{"line":71,"column":0},"end":{"line":71,"column":55}}},"fnMap":{"0":{"name":"flatten","decl":{"start":{"line":6,"column":9},"end":{"line":6,"column":16}},"loc":{"start":{"line":6,"column":25},"end":{"line":8,"column":1}},"line":6},"1":{"name":"(anonymous_1)","decl":{"start":{"line":7,"column":23},"end":{"line":7,"column":24}},"loc":{"start":{"line":7,"column":37},"end":{"line":7,"column":52}},"line":7},"2":{"name":"isDiagonal","decl":{"start":{"line":17,"column":9},"end":{"line":17,"column":19}},"loc":{"start":{"line":17,"column":28},"end":{"line":35,"column":1}},"line":17},"3":{"name":"computeStats","decl":{"start":{"line":49,"column":9},"end":{"line":49,"column":21}},"loc":{"start":{"line":49,"column":28},"end":{"line":69,"column":1}},"line":49},"4":{"name":"(anonymous_4)","decl":{"start":{"line":52,"column":31},"end":{"line":52,"column":32}},"loc":{"start":{"line":52,"column":43},"end":{"line":52,"column":50}},"line":52},"5":{"name":"(anonymous_5)","decl":{"start":{"line":55,"column":31},"end":{"line":55,"column":32}},"loc":{"start":{"line":55,"column":42},"end":{"line":55,"column":55}},"line":55},"6":{"name":"(anonymous_6)","decl":{"start":{"line":56,"column":31},"end":{"line":56,"column":32}},"loc":{"start":{"line":56,"column":42},"end":{"line":56,"column":55}},"line":56}},"branchMap":{"0":{"loc":{"start":{"line":19,"column":2},"end":{"line":19,"column":31}},"type":"if","locations":[{"start":{"line":19,"column":2},"end":{"line":19,"column":31}},{"start":{},"end":{}}],"line":19},"1":{"loc":{"start":{"line":22,"column":2},"end":{"line":22,"column":34}},"type":"if","locations":[{"start":{"line":22,"column":2},"end":{"line":22,"column":34}},{"start":{},"end":{}}],"line":22},"2":{"loc":{"start":{"line":28,"column":6},"end":{"line":30,"column":7}},"type":"if","locations":[{"start":{"line":28,"column":6},"end":{"line":30,"column":7}},{"start":{},"end":{}}],"line":28},"3":{"loc":{"start":{"line":28,"column":10},"end":{"line":28,"column":53}},"type":"binary-expr","locations":[{"start":{"line":28,"column":10},"end":{"line":28,"column":17}},{"start":{"line":28,"column":21},"end":{"line":28,"column":53}}],"line":28},"4":{"loc":{"start":{"line":55,"column":42},"end":{"line":55,"column":55}},"type":"cond-expr","locations":[{"start":{"line":55,"column":50},"end":{"line":55,"column":51}},{"start":{"line":55,"column":54},"end":{"line":55,"column":55}}],"line":55},"5":{"loc":{"start":{"line":56,"column":42},"end":{"line":56,"column":55}},"type":"cond-expr","locations":[{"start":{"line":56,"column":50},"end":{"line":56,"column":51}},{"start":{"line":56,"column":54},"end":{"line":56,"column":55}}],"line":56}},"s":{"0":14,"1":27,"2":17,"3":17,"4":1,"5":16,"6":16,"7":1,"8":15,"9":15,"10":15,"11":23,"12":23,"13":46,"14":7,"15":8,"16":6,"17":6,"18":48,"19":6,"20":48,"21":6,"22":48,"23":6,"24":6,"25":1},"f":{"0":14,"1":27,"2":17,"3":6,"4":48,"5":48,"6":48},"b":{"0":[1,16],"1":[1,15],"2":[7,39],"3":[46,23],"4":[24,24],"5":[12,36]},"_coverageSchema":"1a1c01bbd47fc00a2c39e90264f33305004495a9","hash":"57ec2d13649bf06745784ca937acad9ff1b62364"}
}
