TN:
SF:src\services\matrixStats.js
FN:6,flatten
FN:7,(anonymous_1)
FN:17,isDiagonal
FN:49,computeStats
FN:52,(anonymous_4)
FN:55,(anonymous_5)
FN:56,(anonymous_6)
FNF:7
FNH:7
FNDA:14,flatten
FNDA:27,(anonymous_1)
FNDA:17,isDiagonal
FNDA:6,computeStats
FNDA:48,(anonymous_4)
FNDA:48,(anonymous_5)
FNDA:48,(anonymous_6)
DA:7,27
DA:18,17
DA:19,17
DA:21,16
DA:22,16
DA:24,15
DA:26,15
DA:27,23
DA:28,46
DA:29,7
DA:34,8
DA:50,6
DA:52,48
DA:55,48
DA:56,48
DA:57,6
DA:59,6
DA:71,1
LF:18
LH:18
BRDA:19,0,0,1
BRDA:19,0,1,16
BRDA:22,1,0,1
BRDA:22,1,1,15
BRDA:28,2,0,7
BRDA:28,2,1,39
BRDA:28,3,0,46
BRDA:28,3,1,23
BRDA:55,4,0,24
BRDA:55,4,1,24
BRDA:56,5,0,12
BRDA:56,5,1,36
BRF:12
BRH:12
end_of_record
